<?xml version="1.0" encoding="UTF-8"?>
<!-- Generated by org.testng.reporters.JUnitReportReporter -->
<testsuite skipped="0" hostname="Mahesh-PC" name="com.stc.cicdv1.cicdv1.LaunchAppl" tests="1" failures="0" timestamp="2021-07-11T20:46:59 IST" time="15.603" errors="0">
  <testcase name="f" time="15.603" classname="com.stc.cicdv1.cicdv1.LaunchAppl"/>
  <system-out/>
</testsuite> <!-- com.stc.cicdv1.cicdv1.LaunchAppl -->
